<?xml version="1.0" encoding="UTF-8"?>
<!-- Generated by org.testng.reporters.JUnitReportReporter -->
<testsuite hostname="DESKTOP-IUA57TO" failures="0" tests="5" name="cucumber.Options.TestRunner" time="4.099" errors="0" timestamp="2024-06-19T18:41:34 IST" skipped="0">
  <testcase classname="cucumber.Options.TestRunner" name="runScenario" time="0.172"/>
  <testcase classname="cucumber.Options.TestRunner" name="runScenario" time="2.586"/>
  <testcase classname="cucumber.Options.TestRunner" name="runScenario" time="0.167"/>
  <testcase classname="cucumber.Options.TestRunner" name="runScenario" time="0.990"/>
  <testcase classname="cucumber.Options.TestRunner" name="runScenario" time="0.184"/>
</testsuite> <!-- cucumber.Options.TestRunner -->
